This file contains any messages produced by compilers while
running configure, to aid debugging if configure makes a mistake.

It was created by libalchemyapi configure 0.8, which was
generated by GNU Autoconf 2.68.  Invocation command line was

  $ ./configure 

## --------- ##
## Platform. ##
## --------- ##

hostname = divyanshu-PC
uname -m = i686
uname -r = 1.7.9(0.237/5/3)
uname -s = CYGWIN_NT-6.1-WOW64
uname -v = 2011-03-29 10:10

/usr/bin/uname -p = unknown
/bin/uname -X     = unknown

/bin/arch              = i686
/usr/bin/arch -k       = unknown
/usr/convex/getsysinfo = unknown
/usr/bin/hostinfo      = unknown
/bin/machine           = unknown
/usr/bin/oslevel       = unknown
/bin/universe          = unknown

PATH: /usr/local/bin
PATH: /usr/bin
PATH: /cygdrive/c/Program Files (x86)/ActiveState Komodo Edit 6
PATH: /cygdrive/c/Program Files/Common Files/Microsoft Shared/Windows Live
PATH: /cygdrive/c/Program Files (x86)/Common Files/Microsoft Shared/Windows Live
PATH: /cygdrive/c/Windows/system32
PATH: /cygdrive/c/Windows
PATH: /cygdrive/c/Windows/System32/Wbem
PATH: /cygdrive/c/Windows/System32/WindowsPowerShell/v1.0
PATH: /cygdrive/c/Program Files/Intel/WiFi/bin
PATH: /cygdrive/c/Program Files/Common Files/Intel/WirelessCommon
PATH: /cygdrive/c/Program Files (x86)/Windows Live/Shared
PATH: /cygdrive/c/Program Files (x86)/Common Files/Roxio Shared/DLLShared
PATH: /cygdrive/c/Program Files (x86)/Common Files/Roxio Shared/OEM/DLLShared
PATH: /cygdrive/c/Program Files (x86)/Common Files/Roxio Shared/OEM/DLLShared
PATH: /cygdrive/c/Program Files (x86)/Common Files/Roxio Shared/OEM/12.0/DLLShared
PATH: /cygdrive/c/Program Files (x86)/Roxio/OEM/AudioCore
PATH: /cygdrive/c/Program Files/Common Files/Autodesk Shared
PATH: /cygdrive/c/Program Files/MATLAB/R2010a/runtime/win64
PATH: /cygdrive/c/Program Files/MATLAB/R2010a/bin
PATH: /cygdrive/c/Program Files (x86)/Microsoft SQL Server/100/Tools/Binn
PATH: /cygdrive/c/Program Files/Microsoft SQL Server/100/Tools/Binn
PATH: /cygdrive/c/Program Files/Microsoft SQL Server/100/DTS/Binn
PATH: /cygdrive/c/j2sdk1.4.1_01/bin
PATH: /cygdrive/c/Program Files (x86)/Indri/Indri 5.2/bin
PATH: /usr/lib/lapack


## ----------- ##
## Core tests. ##
## ----------- ##

configure:2324: checking for a BSD-compatible install
configure:2392: result: /usr/bin/install -c
configure:2403: checking whether build environment is sane
configure:2453: result: yes
configure:2594: checking for a thread-safe mkdir -p
configure:2633: result: /usr/bin/mkdir -p
configure:2646: checking for gawk
configure:2662: found /usr/bin/gawk
configure:2673: result: gawk
configure:2684: checking whether make sets $(MAKE)
configure:2706: result: yes
configure:2871: checking for gcc
configure:2887: found /usr/bin/gcc
configure:2898: result: gcc
configure:3127: checking for C compiler version
configure:3136: gcc --version >&5
gcc (GCC) 4.3.4 20090804 (release) 1
Copyright (C) 2008 Free Software Foundation, Inc.
This is free software; see the source for copying conditions.  There is NO
warranty; not even for MERCHANTABILITY or FITNESS FOR A PARTICULAR PURPOSE.

configure:3147: $? = 0
configure:3136: gcc -v >&5
Using built-in specs.
Target: i686-pc-cygwin
Configured with: /gnu/gcc/releases/respins/4.3.4-4/gcc4-4.3.4-4/src/gcc-4.3.4/configure --srcdir=/gnu/gcc/releases/respins/4.3.4-4/gcc4-4.3.4-4/src/gcc-4.3.4 --prefix=/usr --exec-prefix=/usr --bindir=/usr/bin --sbindir=/usr/sbin --libexecdir=/usr/lib --datadir=/usr/share --localstatedir=/var --sysconfdir=/etc --infodir=/usr/share/info --mandir=/usr/share/man -C --datadir=/usr/share --infodir=/usr/share/info --mandir=/usr/share/man -v --with-gmp=/usr --with-mpfr=/usr --enable-bootstrap --enable-version-specific-runtime-libs --with-slibdir=/usr/bin --libexecdir=/usr/lib --enable-static --enable-shared --enable-shared-libgcc --disable-__cxa_atexit --with-gnu-ld --with-gnu-as --with-dwarf2 --disable-sjlj-exceptions --enable-languages=ada,c,c++,fortran,java,objc,obj-c++ --disable-symvers --enable-libjava --program-suffix=-4 --enable-libgomp --enable-libssp --enable-libada --enable-threads=posix --with-arch=i686 --with-tune=generic --enable-libgcj-sublibs CC=gcc-4 CXX=g++-4 CC_FOR_TARGET=gcc-4 CXX_FOR_TARGET=g++-4 GNATMAKE_FOR_TARGET=gnatmake GNATBIND_FOR_TARGET=gnatbind --with-ecj-jar=/usr/share/java/ecj.jar
Thread model: posix
gcc version 4.3.4 20090804 (release) 1 (GCC) 
configure:3147: $? = 0
configure:3136: gcc -V >&5
gcc: '-V' option must have argument
configure:3147: $? = 1
configure:3136: gcc -qversion >&5
gcc: unrecognized option '-qversion'
gcc: no input files
configure:3147: $? = 1
configure:3167: checking whether the C compiler works
configure:3189: gcc  -O2   conftest.c  >&5
configure:3193: $? = 0
configure:3241: result: yes
configure:3244: checking for C compiler default output file name
configure:3246: result: a.exe
configure:3252: checking for suffix of executables
configure:3259: gcc -o conftest.exe  -O2   conftest.c  >&5
configure:3263: $? = 0
configure:3285: result: .exe
configure:3307: checking whether we are cross compiling
configure:3315: gcc -o conftest.exe  -O2   conftest.c  >&5
configure:3319: $? = 0
configure:3326: ./conftest.exe
configure:3330: $? = 0
configure:3345: result: no
configure:3350: checking for suffix of object files
configure:3372: gcc -c  -O2  conftest.c >&5
configure:3376: $? = 0
configure:3397: result: o
configure:3401: checking whether we are using the GNU C compiler
configure:3420: gcc -c  -O2  conftest.c >&5
configure:3420: $? = 0
configure:3429: result: yes
configure:3438: checking whether gcc accepts -g
configure:3458: gcc -c -g  conftest.c >&5
configure:3458: $? = 0
configure:3499: result: yes
configure:3516: checking for gcc option to accept ISO C89
configure:3580: gcc  -c  -O2  conftest.c >&5
configure:3580: $? = 0
configure:3593: result: none needed
configure:3624: checking for style of include used by make
configure:3652: result: GNU
configure:3677: checking dependency style of gcc
configure:3787: result: gcc3
configure:3803: checking whether gcc and cc understand -c and -o together
configure:3834: gcc -c conftest.c -o conftest2.o >&5
configure:3838: $? = 0
configure:3844: gcc -c conftest.c -o conftest2.o >&5
configure:3848: $? = 0
configure:3859: cc -c conftest.c >&5
configure:3863: $? = 0
configure:3871: cc -c conftest.c -o conftest2.o >&5
configure:3875: $? = 0
configure:3881: cc -c conftest.c -o conftest2.o >&5
configure:3885: $? = 0
configure:3903: result: yes
configure:3986: checking for g++
configure:4002: found /usr/bin/g++
configure:4013: result: g++
configure:4040: checking for C++ compiler version
configure:4049: g++ --version >&5
g++ (GCC) 4.3.4 20090804 (release) 1
Copyright (C) 2008 Free Software Foundation, Inc.
This is free software; see the source for copying conditions.  There is NO
warranty; not even for MERCHANTABILITY or FITNESS FOR A PARTICULAR PURPOSE.

configure:4060: $? = 0
configure:4049: g++ -v >&5
Using built-in specs.
Target: i686-pc-cygwin
Configured with: /gnu/gcc/releases/respins/4.3.4-4/gcc4-4.3.4-4/src/gcc-4.3.4/configure --srcdir=/gnu/gcc/releases/respins/4.3.4-4/gcc4-4.3.4-4/src/gcc-4.3.4 --prefix=/usr --exec-prefix=/usr --bindir=/usr/bin --sbindir=/usr/sbin --libexecdir=/usr/lib --datadir=/usr/share --localstatedir=/var --sysconfdir=/etc --infodir=/usr/share/info --mandir=/usr/share/man -C --datadir=/usr/share --infodir=/usr/share/info --mandir=/usr/share/man -v --with-gmp=/usr --with-mpfr=/usr --enable-bootstrap --enable-version-specific-runtime-libs --with-slibdir=/usr/bin --libexecdir=/usr/lib --enable-static --enable-shared --enable-shared-libgcc --disable-__cxa_atexit --with-gnu-ld --with-gnu-as --with-dwarf2 --disable-sjlj-exceptions --enable-languages=ada,c,c++,fortran,java,objc,obj-c++ --disable-symvers --enable-libjava --program-suffix=-4 --enable-libgomp --enable-libssp --enable-libada --enable-threads=posix --with-arch=i686 --with-tune=generic --enable-libgcj-sublibs CC=gcc-4 CXX=g++-4 CC_FOR_TARGET=gcc-4 CXX_FOR_TARGET=g++-4 GNATMAKE_FOR_TARGET=gnatmake GNATBIND_FOR_TARGET=gnatbind --with-ecj-jar=/usr/share/java/ecj.jar
Thread model: posix
gcc version 4.3.4 20090804 (release) 1 (GCC) 
configure:4060: $? = 0
configure:4049: g++ -V >&5
g++: '-V' option must have argument
configure:4060: $? = 1
configure:4049: g++ -qversion >&5
g++: unrecognized option '-qversion'
g++: no input files
configure:4060: $? = 1
configure:4064: checking whether we are using the GNU C++ compiler
configure:4083: g++ -c   conftest.cpp >&5
configure:4083: $? = 0
configure:4092: result: yes
configure:4101: checking whether g++ accepts -g
configure:4121: g++ -c -g  conftest.cpp >&5
configure:4121: $? = 0
configure:4162: result: yes
configure:4187: checking dependency style of g++
configure:4297: result: gcc3
configure:4318: checking how to run the C preprocessor
configure:4349: gcc -E  conftest.c
configure:4349: $? = 0
configure:4363: gcc -E  conftest.c
conftest.c:11:28: error: ac_nonexistent.h: No such file or directory
configure:4363: $? = 1
configure: failed program was:
| /* confdefs.h */
| #define PACKAGE_NAME "libalchemyapi"
| #define PACKAGE_TARNAME "libalchemyapi"
| #define PACKAGE_VERSION "0.8"
| #define PACKAGE_STRING "libalchemyapi 0.8"
| #define PACKAGE_BUGREPORT ""
| #define PACKAGE_URL ""
| #define PACKAGE "libalchemyapi"
| #define VERSION "0.8"
| /* end confdefs.h.  */
| #include <ac_nonexistent.h>
configure:4388: result: gcc -E
configure:4408: gcc -E  conftest.c
configure:4408: $? = 0
configure:4422: gcc -E  conftest.c
conftest.c:11:28: error: ac_nonexistent.h: No such file or directory
configure:4422: $? = 1
configure: failed program was:
| /* confdefs.h */
| #define PACKAGE_NAME "libalchemyapi"
| #define PACKAGE_TARNAME "libalchemyapi"
| #define PACKAGE_VERSION "0.8"
| #define PACKAGE_STRING "libalchemyapi 0.8"
| #define PACKAGE_BUGREPORT ""
| #define PACKAGE_URL ""
| #define PACKAGE "libalchemyapi"
| #define VERSION "0.8"
| /* end confdefs.h.  */
| #include <ac_nonexistent.h>
configure:4451: checking for grep that handles long lines and -e
configure:4509: result: /usr/bin/grep
configure:4514: checking for egrep
configure:4576: result: /usr/bin/grep -E
configure:4581: checking for ANSI C header files
configure:4601: gcc -c  -O2  conftest.c >&5
configure:4601: $? = 0
configure:4674: gcc -o conftest.exe  -O2   conftest.c  >&5
configure:4674: $? = 0
configure:4674: ./conftest.exe
configure:4674: $? = 0
configure:4685: result: yes
configure:4693: checking for inline
configure:4709: gcc -c  -O2  conftest.c >&5
configure:4709: $? = 0
configure:4717: result: inline
configure:4764: checking build system type
configure:4778: result: i686-pc-cygwin
configure:4798: checking host system type
configure:4811: result: i686-pc-cygwin
configure:4852: checking how to print strings
configure:4879: result: printf
configure:4900: checking for a sed that does not truncate output
configure:4964: result: /usr/bin/sed
configure:4982: checking for fgrep
configure:5044: result: /usr/bin/grep -F
configure:5079: checking for ld used by gcc
configure:5146: result: /usr/i686-pc-cygwin/bin/ld.exe
configure:5153: checking if the linker (/usr/i686-pc-cygwin/bin/ld.exe) is GNU ld
configure:5168: result: yes
configure:5180: checking for BSD- or MS-compatible name lister (nm)
configure:5229: result: /usr/bin/nm -B
configure:5359: checking the name lister (/usr/bin/nm -B) interface
configure:5366: gcc -c  -O2  conftest.c >&5
configure:5369: /usr/bin/nm -B "conftest.o"
configure:5372: output
00000000 b .bss
00000000 d .data
00000000 t .text
00000000 B _some_variable
configure:5379: result: BSD nm
configure:5382: checking whether ln -s works
configure:5386: result: yes
configure:5394: checking the maximum length of command line arguments
configure:5519: result: 8192
configure:5536: checking whether the shell understands some XSI constructs
configure:5546: result: yes
configure:5550: checking whether the shell understands "+="
configure:5556: result: yes
configure:5591: checking how to convert i686-pc-cygwin file names to i686-pc-cygwin format
configure:5631: result: func_convert_file_noop
configure:5638: checking how to convert i686-pc-cygwin file names to toolchain format
configure:5658: result: func_convert_file_noop
configure:5665: checking for /usr/i686-pc-cygwin/bin/ld.exe option to reload object files
configure:5672: result: -r
configure:5746: checking for objdump
configure:5762: found /usr/bin/objdump
configure:5773: result: objdump
configure:5805: checking how to recognize dependent libraries
configure:6007: result: file_magic ^x86 archive import|^x86 DLL
configure:6092: checking for dlltool
configure:6108: found /usr/bin/dlltool
configure:6119: result: dlltool
configure:6152: checking how to associate runtime and link libraries
configure:6179: result: func_cygming_dll_for_implib
configure:6239: checking for ar
configure:6255: found /usr/bin/ar
configure:6266: result: ar
configure:6303: checking for archiver @FILE support
configure:6320: gcc -c  -O2  conftest.c >&5
configure:6320: $? = 0
configure:6323: ar cru libconftest.a @conftest.lst >&5
configure:6326: $? = 0
configure:6331: ar cru libconftest.a @conftest.lst >&5
ar: conftest.o: No such file or directory
configure:6334: $? = 1
configure:6346: result: @
configure:6404: checking for strip
configure:6420: found /usr/bin/strip
configure:6431: result: strip
configure:6503: checking for ranlib
configure:6519: found /usr/bin/ranlib
configure:6530: result: ranlib
configure:6632: checking command to parse /usr/bin/nm -B output from gcc object
configure:6751: gcc -c  -O2  conftest.c >&5
configure:6754: $? = 0
configure:6758: /usr/bin/nm -B conftest.o \| sed -n -e 's/^.*[ ]\([ABCDGIRSTW][ABCDGIRSTW]*\)[ ][ ]*\([_A-Za-z][_A-Za-z0-9]*\)$/\1 \2 \2/p' | sed '/ __gnu_lto/d' \> conftest.nm
configure:6761: $? = 0
cannot find nm_test_var in conftest.nm
configure:6751: gcc -c  -O2  conftest.c >&5
configure:6754: $? = 0
configure:6758: /usr/bin/nm -B conftest.o \| sed -n -e 's/^.*[ ]\([ABCDGIRSTW][ABCDGIRSTW]*\)[ ][ ]*_\([_A-Za-z][_A-Za-z0-9]*\)$/\1 _\2 \2/p' | sed '/ __gnu_lto/d' \> conftest.nm
configure:6761: $? = 0
configure:6827: gcc -o conftest.exe  -O2   conftest.c conftstm.o >&5
configure:6830: $? = 0
configure:6868: result: ok
configure:6905: checking for sysroot
configure:6935: result: no
configure:7178: checking for mt
configure:7194: found /usr/bin/mt
configure:7205: result: mt
configure:7228: checking if mt is a manifest tool
configure:7234: mt '-?'
mt: unknown option -- ?
usage: mt [-V] [-f device] operation [count]
configure:7242: result: no
configure:7874: checking for sys/types.h
configure:7874: gcc -c  -O2  conftest.c >&5
configure:7874: $? = 0
configure:7874: result: yes
configure:7874: checking for sys/stat.h
configure:7874: gcc -c  -O2  conftest.c >&5
configure:7874: $? = 0
configure:7874: result: yes
configure:7874: checking for stdlib.h
configure:7874: gcc -c  -O2  conftest.c >&5
configure:7874: $? = 0
configure:7874: result: yes
configure:7874: checking for string.h
configure:7874: gcc -c  -O2  conftest.c >&5
configure:7874: $? = 0
configure:7874: result: yes
configure:7874: checking for memory.h
configure:7874: gcc -c  -O2  conftest.c >&5
configure:7874: $? = 0
configure:7874: result: yes
configure:7874: checking for strings.h
configure:7874: gcc -c  -O2  conftest.c >&5
configure:7874: $? = 0
configure:7874: result: yes
configure:7874: checking for inttypes.h
configure:7874: gcc -c  -O2  conftest.c >&5
configure:7874: $? = 0
configure:7874: result: yes
configure:7874: checking for stdint.h
configure:7874: gcc -c  -O2  conftest.c >&5
configure:7874: $? = 0
configure:7874: result: yes
configure:7874: checking for unistd.h
configure:7874: gcc -c  -O2  conftest.c >&5
configure:7874: $? = 0
configure:7874: result: yes
configure:7888: checking for dlfcn.h
configure:7888: gcc -c  -O2  conftest.c >&5
configure:7888: $? = 0
configure:7888: result: yes
configure:8086: checking for objdir
configure:8101: result: .libs
configure:8368: checking if gcc supports -fno-rtti -fno-exceptions
configure:8386: gcc -c  -O2  -fno-rtti -fno-exceptions conftest.c >&5
cc1: warning: command line option "-fno-rtti" is valid for C++/ObjC++ but not for C
configure:8390: $? = 0
configure:8403: result: no
configure:8713: checking for gcc option to produce PIC
configure:8720: result: -DDLL_EXPORT -DPIC
configure:8728: checking if gcc PIC flag -DDLL_EXPORT -DPIC works
configure:8746: gcc -c  -O2  -DDLL_EXPORT -DPIC -DPIC conftest.c >&5
configure:8750: $? = 0
configure:8763: result: yes
configure:8792: checking if gcc static flag -static works
configure:8820: result: no
configure:8835: checking if gcc supports -c -o file.o
configure:8856: gcc -c  -O2  -o out/conftest2.o conftest.c >&5
configure:8860: $? = 0
configure:8882: result: yes
configure:8890: checking if gcc supports -c -o file.o
configure:8937: result: yes
configure:8970: checking whether the gcc linker (/usr/i686-pc-cygwin/bin/ld.exe) supports shared libraries
configure:10128: result: yes
configure:10165: checking whether -lc should be explicitly linked in
configure:10173: gcc -c  -O2  conftest.c >&5
configure:10176: $? = 0
configure:10191: gcc -shared conftest.o  -v -o ./conftest -Wl,--enable-auto-image-base -Xlinker --out-implib -Xlinker conftest 2\>\&1 \| /usr/bin/grep  -lc  \>/dev/null 2\>\&1
configure:10194: $? = 1
configure:10208: result: yes
configure:10373: checking dynamic linker characteristics
configure:11109: result: Win32 ld.exe
configure:11216: checking how to hardcode library paths into programs
configure:11241: result: immediate
configure:11781: checking whether stripping libraries is possible
configure:11786: result: yes
configure:11821: checking if libtool supports shared libraries
configure:11823: result: yes
configure:11826: checking whether to build shared libraries
configure:11847: result: yes
configure:11850: checking whether to build static libraries
configure:11854: result: yes
configure:11877: checking how to run the C++ preprocessor
configure:11904: g++ -E  conftest.cpp
configure:11904: $? = 0
configure:11918: g++ -E  conftest.cpp
conftest.cpp:23:28: error: ac_nonexistent.h: No such file or directory
configure:11918: $? = 1
configure: failed program was:
| /* confdefs.h */
| #define PACKAGE_NAME "libalchemyapi"
| #define PACKAGE_TARNAME "libalchemyapi"
| #define PACKAGE_VERSION "0.8"
| #define PACKAGE_STRING "libalchemyapi 0.8"
| #define PACKAGE_BUGREPORT ""
| #define PACKAGE_URL ""
| #define PACKAGE "libalchemyapi"
| #define VERSION "0.8"
| #define STDC_HEADERS 1
| #define HAVE_SYS_TYPES_H 1
| #define HAVE_SYS_STAT_H 1
| #define HAVE_STDLIB_H 1
| #define HAVE_STRING_H 1
| #define HAVE_MEMORY_H 1
| #define HAVE_STRINGS_H 1
| #define HAVE_INTTYPES_H 1
| #define HAVE_STDINT_H 1
| #define HAVE_UNISTD_H 1
| #define HAVE_DLFCN_H 1
| #define LT_OBJDIR ".libs/"
| /* end confdefs.h.  */
| #include <ac_nonexistent.h>
configure:11943: result: g++ -E
configure:11963: g++ -E  conftest.cpp
configure:11963: $? = 0
configure:11977: g++ -E  conftest.cpp
conftest.cpp:23:28: error: ac_nonexistent.h: No such file or directory
configure:11977: $? = 1
configure: failed program was:
| /* confdefs.h */
| #define PACKAGE_NAME "libalchemyapi"
| #define PACKAGE_TARNAME "libalchemyapi"
| #define PACKAGE_VERSION "0.8"
| #define PACKAGE_STRING "libalchemyapi 0.8"
| #define PACKAGE_BUGREPORT ""
| #define PACKAGE_URL ""
| #define PACKAGE "libalchemyapi"
| #define VERSION "0.8"
| #define STDC_HEADERS 1
| #define HAVE_SYS_TYPES_H 1
| #define HAVE_SYS_STAT_H 1
| #define HAVE_STDLIB_H 1
| #define HAVE_STRING_H 1
| #define HAVE_MEMORY_H 1
| #define HAVE_STRINGS_H 1
| #define HAVE_INTTYPES_H 1
| #define HAVE_STDINT_H 1
| #define HAVE_UNISTD_H 1
| #define HAVE_DLFCN_H 1
| #define LT_OBJDIR ".libs/"
| /* end confdefs.h.  */
| #include <ac_nonexistent.h>
configure:12147: checking for ld used by g++
configure:12214: result: /usr/i686-pc-cygwin/bin/ld.exe
configure:12221: checking if the linker (/usr/i686-pc-cygwin/bin/ld.exe) is GNU ld
configure:12236: result: yes
configure:12291: checking whether the g++ linker (/usr/i686-pc-cygwin/bin/ld.exe) supports shared libraries
configure:13295: result: yes
configure:13330: g++ -c -g -O2  conftest.cpp >&5
configure:13333: $? = 0
configure:13853: checking for g++ option to produce PIC
configure:13860: result: -DDLL_EXPORT -DPIC
configure:13868: checking if g++ PIC flag -DDLL_EXPORT -DPIC works
configure:13886: g++ -c -g -O2  -DDLL_EXPORT -DPIC -DPIC conftest.cpp >&5
configure:13890: $? = 0
configure:13903: result: yes
configure:13926: checking if g++ static flag -static works
configure:13954: result: no
configure:13966: checking if g++ supports -c -o file.o
configure:13987: g++ -c -g -O2  -o out/conftest2.o conftest.cpp >&5
configure:13991: $? = 0
configure:14013: result: yes
configure:14018: checking if g++ supports -c -o file.o
configure:14065: result: yes
configure:14095: checking whether the g++ linker (/usr/i686-pc-cygwin/bin/ld.exe) supports shared libraries
configure:14129: result: yes
configure:14272: checking dynamic linker characteristics
configure:14942: result: Win32 ld.exe
configure:14995: checking how to hardcode library paths into programs
configure:15020: result: immediate
configure:15079: checking whether build environment is sane
configure:15129: result: yes
configure:15135: checking for xml2-config
configure:15151: found /usr/bin/xml2-config
configure:15163: result: yes
configure:15179: checking for curl-config
configure:15195: found /usr/bin/curl-config
configure:15207: result: yes
configure:15227: checking for an ANSI C-conforming const
configure:15292: gcc -c  -O2 -I/usr/include/libxml2   conftest.c >&5
configure:15292: $? = 0
configure:15299: result: yes
configure:15307: checking for inline
configure:15331: result: inline
configure:15349: checking for size_t
configure:15349: gcc -c  -O2 -I/usr/include/libxml2   conftest.c >&5
configure:15349: $? = 0
configure:15349: gcc -c  -O2 -I/usr/include/libxml2   conftest.c >&5
conftest.c: In function 'main':
conftest.c:59: error: expected expression before ')' token
configure:15349: $? = 1
configure: failed program was:
| /* confdefs.h */
| #define PACKAGE_NAME "libalchemyapi"
| #define PACKAGE_TARNAME "libalchemyapi"
| #define PACKAGE_VERSION "0.8"
| #define PACKAGE_STRING "libalchemyapi 0.8"
| #define PACKAGE_BUGREPORT ""
| #define PACKAGE_URL ""
| #define PACKAGE "libalchemyapi"
| #define VERSION "0.8"
| #define STDC_HEADERS 1
| #define HAVE_SYS_TYPES_H 1
| #define HAVE_SYS_STAT_H 1
| #define HAVE_STDLIB_H 1
| #define HAVE_STRING_H 1
| #define HAVE_MEMORY_H 1
| #define HAVE_STRINGS_H 1
| #define HAVE_INTTYPES_H 1
| #define HAVE_STDINT_H 1
| #define HAVE_UNISTD_H 1
| #define HAVE_DLFCN_H 1
| #define LT_OBJDIR ".libs/"
| /* end confdefs.h.  */
| #include <stdio.h>
| #ifdef HAVE_SYS_TYPES_H
| # include <sys/types.h>
| #endif
| #ifdef HAVE_SYS_STAT_H
| # include <sys/stat.h>
| #endif
| #ifdef STDC_HEADERS
| # include <stdlib.h>
| # include <stddef.h>
| #else
| # ifdef HAVE_STDLIB_H
| #  include <stdlib.h>
| # endif
| #endif
| #ifdef HAVE_STRING_H
| # if !defined STDC_HEADERS && defined HAVE_MEMORY_H
| #  include <memory.h>
| # endif
| # include <string.h>
| #endif
| #ifdef HAVE_STRINGS_H
| # include <strings.h>
| #endif
| #ifdef HAVE_INTTYPES_H
| # include <inttypes.h>
| #endif
| #ifdef HAVE_STDINT_H
| # include <stdint.h>
| #endif
| #ifdef HAVE_UNISTD_H
| # include <unistd.h>
| #endif
| int
| main ()
| {
| if (sizeof ((size_t)))
| 	    return 0;
|   ;
|   return 0;
| }
configure:15349: result: yes
configure:15362: checking for ANSI C header files
configure:15466: result: yes
configure:15648: creating ./config.status

## ---------------------- ##
## Running config.status. ##
## ---------------------- ##

This file was extended by libalchemyapi config.status 0.8, which was
generated by GNU Autoconf 2.68.  Invocation command line was

  CONFIG_FILES    = 
  CONFIG_HEADERS  = 
  CONFIG_LINKS    = 
  CONFIG_COMMANDS = 
  $ ./config.status 

on divyanshu-PC

config.status:1098: creating Makefile
config.status:1098: creating include/Makefile
config.status:1098: creating src/Makefile
config.status:1098: creating example/Makefile
config.status:1270: executing depfiles commands
config.status:1270: executing libtool commands

## ---------------- ##
## Cache variables. ##
## ---------------- ##

ac_cv_build=i686-pc-cygwin
ac_cv_c_compiler_gnu=yes
ac_cv_c_const=yes
ac_cv_c_inline=inline
ac_cv_cxx_compiler_gnu=yes
ac_cv_env_CCC_set=
ac_cv_env_CCC_value=
ac_cv_env_CC_set=
ac_cv_env_CC_value=
ac_cv_env_CFLAGS_set=
ac_cv_env_CFLAGS_value=
ac_cv_env_CPPFLAGS_set=
ac_cv_env_CPPFLAGS_value=
ac_cv_env_CPP_set=
ac_cv_env_CPP_value=
ac_cv_env_CXXCPP_set=
ac_cv_env_CXXCPP_value=
ac_cv_env_CXXFLAGS_set=
ac_cv_env_CXXFLAGS_value=
ac_cv_env_CXX_set=
ac_cv_env_CXX_value=
ac_cv_env_LDFLAGS_set=
ac_cv_env_LDFLAGS_value=
ac_cv_env_LIBS_set=
ac_cv_env_LIBS_value=
ac_cv_env_build_alias_set=
ac_cv_env_build_alias_value=
ac_cv_env_host_alias_set=
ac_cv_env_host_alias_value=
ac_cv_env_target_alias_set=
ac_cv_env_target_alias_value=
ac_cv_exeext=.exe
ac_cv_header_dlfcn_h=yes
ac_cv_header_inttypes_h=yes
ac_cv_header_memory_h=yes
ac_cv_header_stdc=yes
ac_cv_header_stdint_h=yes
ac_cv_header_stdlib_h=yes
ac_cv_header_string_h=yes
ac_cv_header_strings_h=yes
ac_cv_header_sys_stat_h=yes
ac_cv_header_sys_types_h=yes
ac_cv_header_unistd_h=yes
ac_cv_host=i686-pc-cygwin
ac_cv_objext=o
ac_cv_path_EGREP='/usr/bin/grep -E'
ac_cv_path_FGREP='/usr/bin/grep -F'
ac_cv_path_GREP=/usr/bin/grep
ac_cv_path_SED=/usr/bin/sed
ac_cv_path_install='/usr/bin/install -c'
ac_cv_path_mkdir=/usr/bin/mkdir
ac_cv_prog_AWK=gawk
ac_cv_prog_CPP='gcc -E'
ac_cv_prog_CXXCPP='g++ -E'
ac_cv_prog_ac_ct_AR=ar
ac_cv_prog_ac_ct_CC=gcc
ac_cv_prog_ac_ct_CXX=g++
ac_cv_prog_ac_ct_DLLTOOL=dlltool
ac_cv_prog_ac_ct_MANIFEST_TOOL=mt
ac_cv_prog_ac_ct_OBJDUMP=objdump
ac_cv_prog_ac_ct_RANLIB=ranlib
ac_cv_prog_ac_ct_STRIP=strip
ac_cv_prog_cc_c89=
ac_cv_prog_cc_g=yes
ac_cv_prog_cc_gcc_c_o=yes
ac_cv_prog_curl_config_prog=yes
ac_cv_prog_cxx_g=yes
ac_cv_prog_make_make_set=yes
ac_cv_prog_xml2_config_prog=yes
ac_cv_type_size_t=yes
am_cv_CC_dependencies_compiler_type=gcc3
am_cv_CXX_dependencies_compiler_type=gcc3
lt_cv_ar_at_file=@
lt_cv_archive_cmds_need_lc=yes
lt_cv_deplibs_check_method='file_magic ^x86 archive import|^x86 DLL'
lt_cv_file_magic_cmd=func_win32_libid
lt_cv_file_magic_test_file=
lt_cv_ld_reload_flag=-r
lt_cv_nm_interface='BSD nm'
lt_cv_objdir=.libs
lt_cv_path_LD=/usr/i686-pc-cygwin/bin/ld.exe
lt_cv_path_LDCXX=/usr/i686-pc-cygwin/bin/ld.exe
lt_cv_path_NM='/usr/bin/nm -B'
lt_cv_path_mainfest_tool=no
lt_cv_prog_compiler_c_o=yes
lt_cv_prog_compiler_c_o_CXX=yes
lt_cv_prog_compiler_pic='-DDLL_EXPORT -DPIC'
lt_cv_prog_compiler_pic_CXX='-DDLL_EXPORT -DPIC'
lt_cv_prog_compiler_pic_works=yes
lt_cv_prog_compiler_pic_works_CXX=yes
lt_cv_prog_compiler_rtti_exceptions=no
lt_cv_prog_compiler_static_works=no
lt_cv_prog_compiler_static_works_CXX=no
lt_cv_prog_gnu_ld=yes
lt_cv_prog_gnu_ldcxx=yes
lt_cv_sharedlib_from_linklib_cmd=func_cygming_dll_for_implib
lt_cv_sys_global_symbol_pipe='sed -n -e '\''s/^.*[	 ]\([ABCDGIRSTW][ABCDGIRSTW]*\)[	 ][	 ]*_\([_A-Za-z][_A-Za-z0-9]*\)$/\1 _\2 \2/p'\'' | sed '\''/ __gnu_lto/d'\'''
lt_cv_sys_global_symbol_to_c_name_address='sed -n -e '\''s/^: \([^ ]*\)[ ]*$/  {\"\1\", (void *) 0},/p'\'' -e '\''s/^[ABCDGIRSTW]* \([^ ]*\) \([^ ]*\)$/  {"\2", (void *) \&\2},/p'\'''
lt_cv_sys_global_symbol_to_c_name_address_lib_prefix='sed -n -e '\''s/^: \([^ ]*\)[ ]*$/  {\"\1\", (void *) 0},/p'\'' -e '\''s/^[ABCDGIRSTW]* \([^ ]*\) \(lib[^ ]*\)$/  {"\2", (void *) \&\2},/p'\'' -e '\''s/^[ABCDGIRSTW]* \([^ ]*\) \([^ ]*\)$/  {"lib\2", (void *) \&\2},/p'\'''
lt_cv_sys_global_symbol_to_cdecl='sed -n -e '\''s/^T .* \(.*\)$/extern int \1();/p'\'' -e '\''s/^[ABCDGIRSTW]* .* \(.*\)$/extern char \1;/p'\'''
lt_cv_sys_max_cmd_len=8192
lt_cv_to_host_file_cmd=func_convert_file_noop
lt_cv_to_tool_file_cmd=func_convert_file_noop

## ----------------- ##
## Output variables. ##
## ----------------- ##

ACLOCAL='${SHELL} /cygdrive/c/Users/divyanshu/Desktop/supervised/missing --run aclocal-1.11'
AMDEPBACKSLASH='\'
AMDEP_FALSE='#'
AMDEP_TRUE=''
AMTAR='${SHELL} /cygdrive/c/Users/divyanshu/Desktop/supervised/missing --run tar'
AR='ar'
AUTOCONF='${SHELL} /cygdrive/c/Users/divyanshu/Desktop/supervised/missing --run autoconf'
AUTOHEADER='${SHELL} /cygdrive/c/Users/divyanshu/Desktop/supervised/missing --run autoheader'
AUTOMAKE='${SHELL} /cygdrive/c/Users/divyanshu/Desktop/supervised/missing --run automake-1.11'
AWK='gawk'
CC='gcc'
CCDEPMODE='depmode=gcc3'
CFLAGS=' -O2 -I/usr/include/libxml2 '
CPP='gcc -E'
CPPFLAGS=''
CXX='g++'
CXXCPP='g++ -E'
CXXDEPMODE='depmode=gcc3'
CXXFLAGS='-g -O2'
CYGPATH_W='cygpath -w'
DEFS='-DPACKAGE_NAME=\"libalchemyapi\" -DPACKAGE_TARNAME=\"libalchemyapi\" -DPACKAGE_VERSION=\"0.8\" -DPACKAGE_STRING=\"libalchemyapi\ 0.8\" -DPACKAGE_BUGREPORT=\"\" -DPACKAGE_URL=\"\" -DPACKAGE=\"libalchemyapi\" -DVERSION=\"0.8\" -DSTDC_HEADERS=1 -DHAVE_SYS_TYPES_H=1 -DHAVE_SYS_STAT_H=1 -DHAVE_STDLIB_H=1 -DHAVE_STRING_H=1 -DHAVE_MEMORY_H=1 -DHAVE_STRINGS_H=1 -DHAVE_INTTYPES_H=1 -DHAVE_STDINT_H=1 -DHAVE_UNISTD_H=1 -DHAVE_DLFCN_H=1 -DLT_OBJDIR=\".libs/\" -DSTDC_HEADERS=1'
DEPDIR='.deps'
DLLTOOL='dlltool'
DSYMUTIL=''
DUMPBIN=''
ECHO_C=''
ECHO_N='-n'
ECHO_T=''
EGREP='/usr/bin/grep -E'
EXEEXT='.exe'
FGREP='/usr/bin/grep -F'
GREP='/usr/bin/grep'
INSTALL_DATA='${INSTALL} -m 644'
INSTALL_PROGRAM='${INSTALL}'
INSTALL_SCRIPT='${INSTALL}'
INSTALL_STRIP_PROGRAM='$(install_sh) -c -s'
LD='/usr/i686-pc-cygwin/bin/ld.exe'
LDFLAGS=''
LIBOBJS=''
LIBS=' -L/usr/lib -lxml2 -lz -liconv -lm -lcurl -lidn -lssh2 -lssl -lcrypto -lssl -lcrypto -lz'
LIBTOOL='$(SHELL) $(top_builddir)/libtool'
LIPO=''
LN_S='ln -s'
LTLIBOBJS=''
MAKEINFO='${SHELL} /cygdrive/c/Users/divyanshu/Desktop/supervised/missing --run makeinfo'
MANIFEST_TOOL=':'
MKDIR_P='/usr/bin/mkdir -p'
NM='/usr/bin/nm -B'
NMEDIT=''
OBJDUMP='objdump'
OBJEXT='o'
OTOOL64=''
OTOOL=''
PACKAGE='libalchemyapi'
PACKAGE_BUGREPORT=''
PACKAGE_NAME='libalchemyapi'
PACKAGE_STRING='libalchemyapi 0.8'
PACKAGE_TARNAME='libalchemyapi'
PACKAGE_URL=''
PACKAGE_VERSION='0.8'
PATH_SEPARATOR=':'
RANLIB='ranlib'
SED='/usr/bin/sed'
SET_MAKE=''
SHELL='/bin/sh'
STRIP='strip'
VERSION='0.8'
ac_ct_AR='ar'
ac_ct_CC='gcc'
ac_ct_CXX='g++'
ac_ct_DUMPBIN=''
am__EXEEXT_FALSE='#'
am__EXEEXT_TRUE=''
am__fastdepCC_FALSE='#'
am__fastdepCC_TRUE=''
am__fastdepCXX_FALSE='#'
am__fastdepCXX_TRUE=''
am__include='include'
am__isrc=''
am__leading_dot='.'
am__quote=''
am__tar='${AMTAR} chof - "$$tardir"'
am__untar='${AMTAR} xf -'
bindir='${exec_prefix}/bin'
build='i686-pc-cygwin'
build_alias=''
build_cpu='i686'
build_os='cygwin'
build_vendor='pc'
curl_config_prog='yes'
datadir='${datarootdir}'
datarootdir='${prefix}/share'
docdir='${datarootdir}/doc/${PACKAGE_TARNAME}'
dvidir='${docdir}'
exec_prefix='${prefix}'
host='i686-pc-cygwin'
host_alias=''
host_cpu='i686'
host_os='cygwin'
host_vendor='pc'
htmldir='${docdir}'
includedir='${prefix}/include'
infodir='${datarootdir}/info'
install_sh='${SHELL} /cygdrive/c/Users/divyanshu/Desktop/supervised/install-sh'
libdir='${exec_prefix}/lib'
libexecdir='${exec_prefix}/libexec'
localedir='${datarootdir}/locale'
localstatedir='${prefix}/var'
mandir='${datarootdir}/man'
mkdir_p='/usr/bin/mkdir -p'
oldincludedir='/usr/include'
pdfdir='${docdir}'
prefix='/usr/local'
program_transform_name='s,x,x,'
psdir='${docdir}'
sbindir='${exec_prefix}/sbin'
sharedstatedir='${prefix}/com'
sysconfdir='${prefix}/etc'
target_alias=''
xml2_config_prog='yes'

## ----------- ##
## confdefs.h. ##
## ----------- ##

/* confdefs.h */
#define PACKAGE_NAME "libalchemyapi"
#define PACKAGE_TARNAME "libalchemyapi"
#define PACKAGE_VERSION "0.8"
#define PACKAGE_STRING "libalchemyapi 0.8"
#define PACKAGE_BUGREPORT ""
#define PACKAGE_URL ""
#define PACKAGE "libalchemyapi"
#define VERSION "0.8"
#define STDC_HEADERS 1
#define HAVE_SYS_TYPES_H 1
#define HAVE_SYS_STAT_H 1
#define HAVE_STDLIB_H 1
#define HAVE_STRING_H 1
#define HAVE_MEMORY_H 1
#define HAVE_STRINGS_H 1
#define HAVE_INTTYPES_H 1
#define HAVE_STDINT_H 1
#define HAVE_UNISTD_H 1
#define HAVE_DLFCN_H 1
#define LT_OBJDIR ".libs/"
#define STDC_HEADERS 1

configure: exit 0
